<?xml version="1.0" encoding="UTF-8"?>
<!-- Generated by org.testng.reporters.JUnitXMLReporter -->
<testsuite ignored="0" hostname="Rashmi" failures="0" tests="4" name="Test" time="0.053" errors="0" timestamp="2025-03-12T13:04:01 IST">
  <testcase classname="pac1.OrgTest" name="createOrgTest" time="0.01"/>
  <testcase classname="pac1.OrgTest" name="modifyOrgTest" time="0.002"/>
  <testcase classname="pac1.ContatTest" name="createContactTest" time="0.002"/>
  <testcase classname="pac1.ContatTest" name="modifyContatcTest" time="0.001"/>
</testsuite> <!-- Test -->
