<?xml version="1.0" encoding="UTF-8"?>
<testng-results ignored="0" total="4" passed="4" failed="0" skipped="0">
  <reporter-output>
  </reporter-output>
  <suite started-at="2025-03-12T13:04:00 IST" name="Suite" finished-at="2025-03-12T13:04:01 IST" duration-ms="53">
    <groups>
    </groups>
    <test started-at="2025-03-12T13:04:00 IST" name="Test" finished-at="2025-03-12T13:04:01 IST" duration-ms="53">
      <class name="pac1.ContatTest">
        <test-method signature="createContactTest()[pri:0, instance:pac1.ContatTest@bef2d72]" started-at="2025-03-12T13:04:01 IST" name="createContactTest" finished-at="2025-03-12T13:04:01 IST" duration-ms="2" status="PASS">
          <reporter-output>
          </reporter-output>
        </test-method> <!-- createContactTest -->
        <test-method signature="modifyContatcTest()[pri:0, instance:pac1.ContatTest@bef2d72]" started-at="2025-03-12T13:04:01 IST" name="modifyContatcTest" finished-at="2025-03-12T13:04:01 IST" duration-ms="1" status="PASS">
          <reporter-output>
          </reporter-output>
        </test-method> <!-- modifyContatcTest -->
      </class> <!-- pac1.ContatTest -->
      <class name="pac1.OrgTest">
        <test-method signature="createOrgTest()[pri:0, instance:pac1.OrgTest@5223e5ee]" started-at="2025-03-12T13:04:01 IST" name="createOrgTest" finished-at="2025-03-12T13:04:01 IST" duration-ms="10" status="PASS">
          <reporter-output>
          </reporter-output>
        </test-method> <!-- createOrgTest -->
        <test-method signature="modifyOrgTest()[pri:0, instance:pac1.OrgTest@5223e5ee]" started-at="2025-03-12T13:04:01 IST" name="modifyOrgTest" finished-at="2025-03-12T13:04:01 IST" duration-ms="2" status="PASS">
          <reporter-output>
          </reporter-output>
        </test-method> <!-- modifyOrgTest -->
      </class> <!-- pac1.OrgTest -->
    </test> <!-- Test -->
  </suite> <!-- Suite -->
</testng-results>
